  main.cpp
C:\Users\J\Desktop\2023 - A\Ciencia de la Computación II - C\Proyecto-CCII\Game\main.cpp(264,53): warning C4244: 'argumento': conversión de 'int' a 'float'; posible pérdida de datos
C:\Users\J\Desktop\2023 - A\Ciencia de la Computación II - C\Proyecto-CCII\Game\main.cpp(268,54): warning C4244: 'argumento': conversión de 'int' a 'float'; posible pérdida de datos
C:\Users\J\Desktop\2023 - A\Ciencia de la Computación II - C\Proyecto-CCII\Game\main.cpp(343,54): warning C4244: 'argumento': conversión de 'int' a 'float'; posible pérdida de datos
C:\Users\J\Desktop\2023 - A\Ciencia de la Computación II - C\Proyecto-CCII\Game\main.cpp(344,54): warning C4244: 'argumento': conversión de 'int' a 'float'; posible pérdida de datos
C:\Users\J\Desktop\2023 - A\Ciencia de la Computación II - C\Proyecto-CCII\Game\main.cpp(398,123): warning C4244: 'argumento': conversión de 'int' a 'float'; posible pérdida de datos
C:\Users\J\Desktop\2023 - A\Ciencia de la Computación II - C\Proyecto-CCII\Game\main.cpp(409,138): warning C4244: 'argumento': conversión de 'int' a 'float'; posible pérdida de datos
C:\Users\J\Desktop\2023 - A\Ciencia de la Computación II - C\Proyecto-CCII\Game\main.cpp(415,138): warning C4244: 'argumento': conversión de 'int' a 'float'; posible pérdida de datos
C:\Users\J\Desktop\2023 - A\Ciencia de la Computación II - C\Proyecto-CCII\Game\main.cpp(425,85): warning C4244: 'argumento': conversión de 'double' a 'float'; posible pérdida de datos
C:\Users\J\Desktop\2023 - A\Ciencia de la Computación II - C\Proyecto-CCII\Game\main.cpp(434,85): warning C4244: 'argumento': conversión de 'double' a 'float'; posible pérdida de datos
C:\Users\J\Desktop\2023 - A\Ciencia de la Computación II - C\Proyecto-CCII\Game\main.cpp(440,96): warning C4244: 'argumento': conversión de 'double' a 'float'; posible pérdida de datos
C:\Users\J\Desktop\2023 - A\Ciencia de la Computación II - C\Proyecto-CCII\Game\main.cpp(448,96): warning C4244: 'argumento': conversión de 'double' a 'float'; posible pérdida de datos
C:\Users\J\Desktop\2023 - A\Ciencia de la Computación II - C\Proyecto-CCII\Game\main.cpp(489,54): warning C4244: 'argumento': conversión de 'int' a 'float'; posible pérdida de datos
C:\Users\J\Desktop\2023 - A\Ciencia de la Computación II - C\Proyecto-CCII\Game\main.cpp(509,50): warning C4244: 'argumento': conversión de 'int' a 'float'; posible pérdida de datos
C:\Users\J\Desktop\2023 - A\Ciencia de la Computación II - C\Proyecto-CCII\Game\main.cpp(510,50): warning C4244: 'argumento': conversión de 'int' a 'float'; posible pérdida de datos
C:\Users\J\Desktop\2023 - A\Ciencia de la Computación II - C\Proyecto-CCII\Game\main.cpp(559,98): warning C4244: 'argumento': conversión de 'int' a 'float'; posible pérdida de datos
C:\Users\J\Desktop\2023 - A\Ciencia de la Computación II - C\Proyecto-CCII\Game\main.cpp(559,78): warning C4244: 'argumento': conversión de 'int' a 'float'; posible pérdida de datos
C:\Users\J\Desktop\2023 - A\Ciencia de la Computación II - C\Proyecto-CCII\Game\main.cpp(570,101): warning C4244: 'argumento': conversión de 'double' a 'float'; posible pérdida de datos
C:\Users\J\Desktop\2023 - A\Ciencia de la Computación II - C\Proyecto-CCII\Game\main.cpp(570,77): warning C4244: 'argumento': conversión de 'double' a 'float'; posible pérdida de datos
C:\Users\J\Desktop\2023 - A\Ciencia de la Computación II - C\Proyecto-CCII\Game\main.cpp(578,102): warning C4244: 'argumento': conversión de 'int' a 'float'; posible pérdida de datos
C:\Users\J\Desktop\2023 - A\Ciencia de la Computación II - C\Proyecto-CCII\Game\main.cpp(578,78): warning C4244: 'argumento': conversión de 'int' a 'float'; posible pérdida de datos
C:\Users\J\Desktop\2023 - A\Ciencia de la Computación II - C\Proyecto-CCII\Game\main.cpp(591,78): warning C4244: 'argumento': conversión de 'int' a 'float'; posible pérdida de datos
C:\Users\J\Desktop\2023 - A\Ciencia de la Computación II - C\Proyecto-CCII\Game\main.cpp(620,60): warning C4244: 'argumento': conversión de 'int' a 'float'; posible pérdida de datos
C:\Users\J\Desktop\2023 - A\Ciencia de la Computación II - C\Proyecto-CCII\Game\main.cpp(629,91): warning C4244: 'argumento': conversión de 'double' a 'float'; posible pérdida de datos
C:\Users\J\Desktop\2023 - A\Ciencia de la Computación II - C\Proyecto-CCII\Game\main.cpp(713,56): warning C4244: 'argumento': conversión de 'int' a 'float'; posible pérdida de datos
C:\Users\J\Desktop\2023 - A\Ciencia de la Computación II - C\Proyecto-CCII\Game\main.cpp(717,57): warning C4244: 'argumento': conversión de 'int' a 'float'; posible pérdida de datos
C:\Users\J\Desktop\2023 - A\Ciencia de la Computación II - C\Proyecto-CCII\Game\main.cpp(728,115): warning C4244: 'argumento': conversión de 'int' a 'float'; posible pérdida de datos
C:\Users\J\Desktop\2023 - A\Ciencia de la Computación II - C\Proyecto-CCII\Game\main.cpp(734,116): warning C4244: 'argumento': conversión de 'int' a 'float'; posible pérdida de datos
C:\Users\J\Desktop\2023 - A\Ciencia de la Computación II - C\Proyecto-CCII\Game\main.cpp(742,90): warning C4244: 'argumento': conversión de 'int' a 'float'; posible pérdida de datos
C:\Users\J\Desktop\2023 - A\Ciencia de la Computación II - C\Proyecto-CCII\Game\main.cpp(750,42): warning C4305: 'argumento': truncamiento de 'double' a 'float'
C:\Users\J\Desktop\2023 - A\Ciencia de la Computación II - C\Proyecto-CCII\Game\main.cpp(751,49): warning C4244: 'argumento': conversión de 'int' a 'float'; posible pérdida de datos
C:\Users\J\Desktop\2023 - A\Ciencia de la Computación II - C\Proyecto-CCII\Game\main.cpp(759,42): warning C4305: 'argumento': truncamiento de 'double' a 'float'
C:\Users\J\Desktop\2023 - A\Ciencia de la Computación II - C\Proyecto-CCII\Game\main.cpp(760,49): warning C4244: 'argumento': conversión de 'int' a 'float'; posible pérdida de datos
C:\Users\J\Desktop\2023 - A\Ciencia de la Computación II - C\Proyecto-CCII\Game\main.cpp(797,52): warning C4244: 'argumento': conversión de 'int' a 'float'; posible pérdida de datos
C:\Users\J\Desktop\2023 - A\Ciencia de la Computación II - C\Proyecto-CCII\Game\main.cpp(803,53): warning C4244: 'argumento': conversión de 'int' a 'float'; posible pérdida de datos
  Game.vcxproj -> C:\Users\J\Desktop\2023 - A\Ciencia de la Computación II - C\Proyecto-CCII\x64\Debug\Game.exe
