c:\users\usuario\source\repos\proyecto-ccii\game\x64\debug\vc143.pdb
c:\users\usuario\source\repos\proyecto-ccii\game\x64\debug\vc143.idb
c:\users\usuario\source\repos\proyecto-ccii\game\x64\debug\hell.obj
c:\users\usuario\source\repos\proyecto-ccii\game\x64\debug\harpy.obj
c:\users\usuario\source\repos\proyecto-ccii\game\x64\debug\fungus.obj
c:\users\usuario\source\repos\proyecto-ccii\game\x64\debug\fallen_block.obj
c:\users\usuario\source\repos\proyecto-ccii\game\x64\debug\excepcion.obj
c:\users\usuario\source\repos\proyecto-ccii\game\x64\debug\erizo.obj
c:\users\usuario\source\repos\proyecto-ccii\game\x64\debug\enemydeath.obj
c:\users\usuario\source\repos\proyecto-ccii\game\x64\debug\enemy.obj
c:\users\usuario\source\repos\proyecto-ccii\game\x64\debug\demon.obj
c:\users\usuario\source\repos\proyecto-ccii\game\x64\debug\colision.obj
c:\users\usuario\source\repos\proyecto-ccii\game\x64\debug\bullet_thunder.obj
c:\users\usuario\source\repos\proyecto-ccii\game\x64\debug\bullet_fire2.obj
c:\users\usuario\source\repos\proyecto-ccii\game\x64\debug\bullet_fire.obj
c:\users\usuario\source\repos\proyecto-ccii\game\x64\debug\bullet_demon.obj
c:\users\usuario\source\repos\proyecto-ccii\game\x64\debug\bullet.obj
c:\users\usuario\source\repos\proyecto-ccii\game\x64\debug\buceo.obj
c:\users\usuario\source\repos\proyecto-ccii\game\x64\debug\bloodmonster.obj
c:\users\usuario\source\repos\proyecto-ccii\game\x64\debug\aqua.obj
c:\users\usuario\source\repos\proyecto-ccii\game\x64\debug\animation.obj
c:\users\usuario\source\repos\proyecto-ccii\game\x64\debug\alien.obj
c:\users\usuario\source\repos\proyecto-ccii\game\x64\debug\scenary_debug.obj
c:\users\usuario\source\repos\proyecto-ccii\game\x64\debug\puntossobrecarga.obj
c:\users\usuario\source\repos\proyecto-ccii\game\x64\debug\puntos.obj
c:\users\usuario\source\repos\proyecto-ccii\game\x64\debug\punk_2.obj
c:\users\usuario\source\repos\proyecto-ccii\game\x64\debug\punk_1.obj
c:\users\usuario\source\repos\proyecto-ccii\game\x64\debug\portal.obj
c:\users\usuario\source\repos\proyecto-ccii\game\x64\debug\player.obj
c:\users\usuario\source\repos\proyecto-ccii\game\x64\debug\platform_movil.obj
c:\users\usuario\source\repos\proyecto-ccii\game\x64\debug\platform.obj
c:\users\usuario\source\repos\proyecto-ccii\game\x64\debug\pendulum.obj
c:\users\usuario\source\repos\proyecto-ccii\game\x64\debug\ovni.obj
c:\users\usuario\source\repos\proyecto-ccii\game\x64\debug\oruga.obj
c:\users\usuario\source\repos\proyecto-ccii\game\x64\debug\montana2.obj
c:\users\usuario\source\repos\proyecto-ccii\game\x64\debug\montana.obj
c:\users\usuario\source\repos\proyecto-ccii\game\x64\debug\menu.obj
c:\users\usuario\source\repos\proyecto-ccii\game\x64\debug\mallet.obj
c:\users\usuario\source\repos\proyecto-ccii\game\x64\debug\main.obj
c:\users\usuario\source\repos\proyecto-ccii\game\x64\debug\lava.obj
c:\users\usuario\source\repos\proyecto-ccii\game\x64\debug\key.obj
c:\users\usuario\source\repos\proyecto-ccii\game\x64\debug\item.obj
c:\users\usuario\source\repos\proyecto-ccii\game\x64\debug\unknowball.obj
c:\users\usuario\source\repos\proyecto-ccii\game\x64\debug\traps.obj
c:\users\usuario\source\repos\proyecto-ccii\game\x64\debug\throwingfire.obj
c:\users\usuario\source\repos\proyecto-ccii\game\x64\debug\tatooine.obj
c:\users\usuario\source\repos\proyecto-ccii\game\x64\debug\suriken.obj
c:\users\usuario\source\repos\proyecto-ccii\game\x64\debug\submarino.obj
c:\users\usuario\source\repos\proyecto-ccii\game\x64\debug\spike_run.obj
c:\users\usuario\source\repos\proyecto-ccii\game\x64\debug\spike.obj
c:\users\usuario\source\repos\proyecto-ccii\game\x64\debug\spear.obj
c:\users\usuario\source\repos\proyecto-ccii\game\x64\debug\spacesus.obj
c:\users\usuario\source\repos\proyecto-ccii\game\x64\debug\score.obj
c:\users\usuario\source\repos\proyecto-ccii\game\x64\debug\scenery_hell.obj
c:\users\usuario\source\repos\proyecto-ccii\game\x64\debug\scenerydirector.obj
c:\users\usuario\source\repos\proyecto-ccii\game\x64\debug\scenerybuilder.obj
c:\users\usuario\source\repos\proyecto-ccii\game\x64\debug\scenery.obj
c:\users\usuario\source\repos\proyecto-ccii\game\x64\debug\scenery_tatooine.obj
c:\users\usuario\source\repos\proyecto-ccii\game\x64\debug\scenery_space.obj
c:\users\usuario\source\repos\proyecto-ccii\game\x64\debug\scenery_aqua.obj
c:\users\usuario\source\repos\proyecto-ccii\game\x64\debug\scenary_lluvia.obj
c:\users\usuario\source\repos\proyecto-ccii\game\x64\debug\game.ilk
c:\users\usuario\source\repos\proyecto-ccii\x64\debug\game.exe
c:\users\usuario\source\repos\proyecto-ccii\x64\debug\game.pdb
c:\users\usuario\source\repos\proyecto-ccii\game\x64\debug\game.tlog\cl.command.1.tlog
c:\users\usuario\source\repos\proyecto-ccii\game\x64\debug\game.tlog\cl.items.tlog
c:\users\usuario\source\repos\proyecto-ccii\game\x64\debug\game.tlog\cl.read.1.tlog
c:\users\usuario\source\repos\proyecto-ccii\game\x64\debug\game.tlog\cl.write.1.tlog
c:\users\usuario\source\repos\proyecto-ccii\game\x64\debug\game.tlog\link.command.1.tlog
c:\users\usuario\source\repos\proyecto-ccii\game\x64\debug\game.tlog\link.read.1.tlog
c:\users\usuario\source\repos\proyecto-ccii\game\x64\debug\game.tlog\link.write.1.tlog
